Determining if the pthread_create exist failed with the following output:
Change Dir: /home/nelson/Documents/WI4265TU Parallel Programming/build/CMakeFiles/CMakeTmp

Run Build Command:"/usr/bin/make" "cmTC_6a932/fast"
/usr/bin/make -f CMakeFiles/cmTC_6a932.dir/build.make CMakeFiles/cmTC_6a932.dir/build
make[1]: Entering directory '/home/nelson/Documents/WI4265TU Parallel Programming/build/CMakeFiles/CMakeTmp'
Building C object CMakeFiles/cmTC_6a932.dir/CheckSymbolExists.c.o
/usr/bin/cc   -std=c99 -march=native -fopt-info-vec    -o CMakeFiles/cmTC_6a932.dir/CheckSymbolExists.c.o   -c "/home/nelson/Documents/WI4265TU Parallel Programming/build/CMakeFiles/CMakeTmp/CheckSymbolExists.c"
Linking C executable cmTC_6a932
/usr/bin/cmake -E cmake_link_script CMakeFiles/cmTC_6a932.dir/link.txt --verbose=1
/usr/bin/cc -std=c99 -march=native -fopt-info-vec     -rdynamic CMakeFiles/cmTC_6a932.dir/CheckSymbolExists.c.o  -o cmTC_6a932 
CMakeFiles/cmTC_6a932.dir/CheckSymbolExists.c.o: In function `main':
CheckSymbolExists.c:(.text+0x1b): undefined reference to `pthread_create'
collect2: error: ld returned 1 exit status
CMakeFiles/cmTC_6a932.dir/build.make:97: recipe for target 'cmTC_6a932' failed
make[1]: *** [cmTC_6a932] Error 1
make[1]: Leaving directory '/home/nelson/Documents/WI4265TU Parallel Programming/build/CMakeFiles/CMakeTmp'
Makefile:126: recipe for target 'cmTC_6a932/fast' failed
make: *** [cmTC_6a932/fast] Error 2

File /home/nelson/Documents/WI4265TU Parallel Programming/build/CMakeFiles/CMakeTmp/CheckSymbolExists.c:
/* */
#include <pthread.h>

int main(int argc, char** argv)
{
  (void)argv;
#ifndef pthread_create
  return ((int*)(&pthread_create))[argc];
#else
  (void)argc;
  return 0;
#endif
}

Determining if the function pthread_create exists in the pthreads failed with the following output:
Change Dir: /home/nelson/Documents/WI4265TU Parallel Programming/build/CMakeFiles/CMakeTmp

Run Build Command:"/usr/bin/make" "cmTC_38267/fast"
/usr/bin/make -f CMakeFiles/cmTC_38267.dir/build.make CMakeFiles/cmTC_38267.dir/build
make[1]: Entering directory '/home/nelson/Documents/WI4265TU Parallel Programming/build/CMakeFiles/CMakeTmp'
Building C object CMakeFiles/cmTC_38267.dir/CheckFunctionExists.c.o
/usr/bin/cc   -std=c99 -march=native -fopt-info-vec -DCHECK_FUNCTION_EXISTS=pthread_create   -o CMakeFiles/cmTC_38267.dir/CheckFunctionExists.c.o   -c /usr/share/cmake-3.10/Modules/CheckFunctionExists.c
Linking C executable cmTC_38267
/usr/bin/cmake -E cmake_link_script CMakeFiles/cmTC_38267.dir/link.txt --verbose=1
/usr/bin/cc -std=c99 -march=native -fopt-info-vec -DCHECK_FUNCTION_EXISTS=pthread_create    -rdynamic CMakeFiles/cmTC_38267.dir/CheckFunctionExists.c.o  -o cmTC_38267 -lpthreads 
/usr/bin/ld: cannot find -lpthreads
collect2: error: ld returned 1 exit status
CMakeFiles/cmTC_38267.dir/build.make:97: recipe for target 'cmTC_38267' failed
make[1]: *** [cmTC_38267] Error 1
make[1]: Leaving directory '/home/nelson/Documents/WI4265TU Parallel Programming/build/CMakeFiles/CMakeTmp'
Makefile:126: recipe for target 'cmTC_38267/fast' failed
make: *** [cmTC_38267/fast] Error 2


